<?xml version="1.0" encoding="UTF-8"?>
<!-- Generated by org.testng.reporters.JUnitXMLReporter -->
<testsuite ignored="2" hostname="MacBook-Air.local" failures="0" tests="1" name="Default test" time="2.376" errors="0" timestamp="2025-08-10T19:18:21 EDT">
  <testcase classname="apitests.ProductTests" name="testGetProductById" time="2.318"/>
  <testcase classname="apitests.ProductTests" name="testCreateProducts" time="0.0">
    <ignored/>
  </testcase> <!-- testCreateProducts -->
  <testcase classname="apitests.ProductTests" name="testGetAllProducts" time="0.0">
    <ignored/>
  </testcase> <!-- testGetAllProducts -->
</testsuite> <!-- Default test -->
