<?xml version="1.0" encoding="UTF-8"?>
<testng-results ignored="0" total="1" passed="1" failed="0" skipped="0">
  <reporter-output>
  </reporter-output>
  <suite started-at="2025-08-10T19:18:19 EDT" name="Default suite" finished-at="2025-08-10T19:18:21 EDT" duration-ms="2376">
    <groups>
    </groups>
    <test started-at="2025-08-10T19:18:19 EDT" name="Default test" finished-at="2025-08-10T19:18:21 EDT" duration-ms="2376">
      <class name="apitests.ProductTests">
        <test-method signature="testGetProductById()[pri:0, instance:apitests.ProductTests@1d9b7cce]" started-at="2025-08-10T19:18:19 EDT" name="testGetProductById" finished-at="2025-08-10T19:18:21 EDT" duration-ms="2318" status="PASS">
          <reporter-output>
          </reporter-output>
        </test-method> <!-- testGetProductById -->
      </class> <!-- apitests.ProductTests -->
    </test> <!-- Default test -->
  </suite> <!-- Default suite -->
</testng-results>
